label list:
line no.  pc   label
     594 0xffffffff 1
     596 0xffffffff LBLAV
     612 0xffffffff 2
     613 0xffffffff LBLF1
     614 0xffffffff LBLST1

pulse program: "/reference/MENMR/ubiCN/25/2D_TROSY/500/pulseprogram"
================
dur0 == line 0
fixdel(1.000000 usec) 

dur1 == line 0
fixdel(10.000000 usec) 

dur2 == line 0
fixdel(1000.000000 usec) clrNmr1: 0x400000 clrNmr2: 0x400000 

'2D.wt.pp': line   1--->prosol relations=<wt>
'2D.wt.pp': line   2--->
'2D.wt.pp': line   3--->
'Avance.incl': line   1--->;Avance3.incl
'Avance.incl': line   2--->;   for AV III
'Avance.incl': line   3--->;
'Avance.incl': line   4--->;avance-version (13/06/17)
'Avance.incl': line   5--->;
'Avance.incl': line   6--->;$CLASS=HighRes Incl
'Avance.incl': line   7--->;$COMMENT=
'Avance.incl': line 169--->;$Id: Avance3.incl,v 1.10.2.2 2013/08/30 09:43:33 ber Exp $
'2D.wt.pp': line   4--->
'Grad.incl': line   1--->;Grad2.incl  -  include file for Gradient Spectroscopy
'Grad.incl': line   2--->;   for TCU3
'Grad.incl': line   3--->;
'Grad.incl': line   4--->;avance-version (07/01/17)
'Grad.incl': line   5--->;
'Grad.incl': line   6--->;$CLASS=HighRes Incl
'Grad.incl': line   7--->;$COMMENT=
'Grad.incl': line   8--->
'Grad.incl': line  27--->define list<gradient> EA=<EA>
'Grad.incl': line  28--->
'Grad.incl': line  29--->
'Grad.incl': line  31--->;$Id: Grad2.incl,v 1.14 2012/01/31 17:49:21 ber Exp $
'2D.wt.pp': line   5--->
'2D.wt.pp': line  24--->
'2D_config.incl': line   1---> 
'2D_config.incl': line   2--->
'2D_config.incl': line   3--->
'De.incl': line   1--->;De2.incl
'De.incl': line   2--->;   for AVi
'De.incl': line   3--->;
'De.incl': line   4--->;avance-version (08/02/15)
'De.incl': line   5--->;
'De.incl': line   6--->;$CLASS=HighRes Incl
'De.incl': line   7--->;$COMMENT=
'De.incl': line  10--->define delay rde1
'De.incl': line  11--->
'De.incl': line  12--->
'De.incl': line  13--->"rde1=de-de1"
'De.incl': line  24--->;for multi receive
'De.incl': line  25--->
'De.incl': line  26--->
'De.incl': line  33--->;$Id: De2.incl,v 1.8 2012/01/31 17:49:21 ber Exp $
'2D_config.incl': line   4--->
'2D_config.incl': line  13--->
'2D_config.incl': line  73--->;cnst0: Correct to phc1=0 by entering cnst0=phc1. Added to last delay.
'2D_config.incl': line  74--->define pulse proximalDE
'2D_config.incl': line  75--->"proximalDE = 2*dw*cnst0/360"
'2D_config.incl': line  76--->
'2D_config.incl': line  77--->
'2D_config.incl': line 111--->; Adjust d1 for sequence to match requested d1 relaxation time:
'2D_config.incl': line 112--->"d1 -= 0"   ; Prevents spurious error message from the next line.
'2D_config.incl': line 113--->"d1 -= d11"
'2D_config.incl': line 114--->
'2D_config.incl': line 115--->
'2D_config.incl': line 118--->; ASAP turned off for now:
'2D_config.incl': line 119--->
'2D_config.incl': line 120--->
'2D_config.incl': line 171--->
'2D_config.incl': line 185--->
'2D_config.incl': line 195--->; H decoupling with flanking pulses, ignored in case of 1:
'2D_config.incl': line 207--->
'2D_config.incl': line 208--->; H or D decoupling with flanking pulses:
'2D_config.incl': line 226--->
'2D_config.incl': line 227--->;d1 : relaxation delay; 1-5 * T1
'2D_config.incl': line 228--->;d11: delay for disk I/O                               [1 ms]
'2D_config.incl': line 229--->;d13: short delay for setting parameters               [4 us]
'2D_config.incl': line 231--->;ns: 1 * n
'2D_config.incl': line 232--->;ds: >= 16
'2D_config.incl': line 233--->;td1: number of experiments
'2D_config.incl': line 234--->
'2D_config.incl': line 235--->;cpd1: decoupling according to sequence defined by cpdprg1, DIPSI2
'2D_config.incl': line 236--->;cpd2: decoupling according to sequence defined by cpdprg2
'2D_config.incl': line 237--->
'2D_config.incl': line 238--->;cpd4: decoupling according to sequence defined by cpdprg4, waltz16
'2D_config.incl': line 240--->;pcpd2: f2 channel - 90 degree pulse for decoupling sequence
'2D_config.incl': line 241--->
'2D_config.incl': line 242--->
'2D_config.incl': line 243--->;p16: homospoil/gradient pulse                         [650 us]
'2D_config.incl': line 244--->;p19: gradient pulse 2                                 [100 us]
'2D_config.incl': line 245--->;p32: gradient pulse in echo
'2D_config.incl': line 247--->;p34: distal selection gradient pulse [200 usec]
'2D_config.incl': line 248--->
'2D_config.incl': line 249--->;d16: delay for homospoil/gradient recovery [200 usec]
'2D_config.incl': line 250--->;d19: delay for short gradient recovery [80 usec]
'2D_config.incl': line 251--->;d32: delay for gradient recovery [20 usec]
'2D_config.incl': line 252--->;d34: distal recovery after selection gradient [20 usec]
'2D_config.incl': line 253--->
'2D_config.incl': line 255--->;p1 : f1 channel -  90 degree high power pulse
'2D_config.incl': line 256--->;p2 : f1 channel - 180 degree high power pulse
'2D_config.incl': line 257--->;p3 : f2 channel -  90 degree high power pulse
'2D_config.incl': line 258--->;p4 : f2 channel - 180 degree high power pulse
'2D_config.incl': line 259--->;p21 : f3 channel - 90 degree high power pulse
'2D_config.incl': line 260--->;p22 : f3 channel - 180 degree high power pulse
'2D_config.incl': line 261--->
'2D_config.incl': line 262--->;pl1: power for 1H  pulses
'2D_config.incl': line 263--->;pl2: power for 13C pulses
'2D_config.incl': line 264--->;pl3: power for 15N pulses
'2D_config.incl': line 265--->;pl4: power for 2H pulses
'2D_config.incl': line 266--->
'2D_config.incl': line 267--->;gpz0: prefocussing gradient.
'2D_config.incl': line 268--->;gpnam0: SMSQ10.100
'2D_config.incl': line 281--->
'2D_config.incl': line 292--->
'H.incl': line   1--->define delay dH_inversion
'H.incl': line   2--->define delay dH_inversion_raw
'H.incl': line   3--->
'H.incl': line   4--->define delay dHC_inversion
'H.incl': line   5--->define delay dHC_inversion_raw
'H.incl': line   6--->
'H.incl': line   7--->define pulse pH_excitation
'H.incl': line   8--->define pulse pHC_excitation
'H.incl': line   9--->define pulse pH_exc_UR
'H.incl': line  10--->define pulse pHC_exc_UR
'H.incl': line  11--->define pulse pH_refocussing
'H.incl': line  12--->define pulse pHC_refocussing
'H.incl': line  13--->define pulse pH_inversion
'H.incl': line  14--->define pulse pHC_inversion
'H.incl': line  15--->define pulse eH_excitation
'H.incl': line  16--->define pulse eHC_excitation
'H.incl': line  17--->define pulse eH_refocussing
'H.incl': line  18--->define pulse eHC_refocussing
'H.incl': line  19--->define pulse eH_exc_UR
'H.incl': line  20--->define pulse eHC_exc_UR
'H.incl': line  21--->define pulse eH_fb_UR
'H.incl': line  22--->define pulse eHC_fb_UR
'H.incl': line  23--->define pulse eH_WATERGATE
'H.incl': line  24--->define pulse eHC_WATERGATE
'H.incl': line  26--->define pulse pH2O_exc_Z
'H.incl': line  27--->
'H.incl': line  42--->
'H.incl': line  43--->; H pulses act on > 4.7 and HC pulses on 4.7 > with H2O unaffected.
'H.incl': line  45--->define pulse pH2O_excitation
'H.incl': line  46--->define pulse pH2O_flipback
'H.incl': line  47--->
'H.incl': line  57--->    "pH2O_excitation = p11"
'H.incl': line  58--->    "pH2O_flipback = p11"
'H.incl': line  59--->    "pH2O_exc_Z = 0"
'H.incl': line  89--->
'H.incl': line 163--->    "d46 = 0"
'H.incl': line 164--->    "eH_excitation = p1*2/PI"
'H.incl': line 165--->    "eH_refocussing = 0"
'H.incl': line 166--->    "eH_exc_UR = p1*2/PI"
'H.incl': line 167--->    "eH_fb_UR = p1*2/PI"
'H.incl': line 168--->    "pH_refocussing = p2"
'H.incl': line 169--->    "pH_exc_UR = p1"
'H.incl': line 170--->    "p46 = p2"
'H.incl': line 171--->    "p45 = p1"
'H.incl': line 179--->    "eHC_excitation = p1*2/PI"
'H.incl': line 180--->    "pHC_refocussing = p2"
'H.incl': line 181--->    "eHC_exc_UR = p1*2/PI"
'H.incl': line 182--->    "eHC_fb_UR = p1*2/PI"
'H.incl': line 183--->    "d56 = 0"
'H.incl': line 184--->    "p55 = p1"
'H.incl': line 185--->    "p56 = p2"
'H.incl': line 186--->    "pH_inversion = p2"
'H.incl': line 187--->    "dH_inversion = p2"
'H.incl': line 188--->    "dH_inversion_raw = p2"
'H.incl': line 198--->      "eH_WATERGATE = p2"
'H.incl': line 199--->      "eHC_WATERGATE = p2"
'2D_config.incl': line 294--->
'C.incl': line   1--->define delay dC_inversion
'C.incl': line   2--->define delay dC_universal
'C.incl': line   3--->
'C.incl': line   4--->define pulse eC_excitation
'C.incl': line   5--->define pulse eC_flipback
'C.incl': line   6--->define pulse eC_universal
'C.incl': line  32--->    "dC_inversion = p41"
'C.incl': line  33--->    "dC_universal = p3"
'C.incl': line  34--->    "eC_excitation = p3*2/PI"
'2D_config.incl': line 295--->
'N.incl': line   1--->define delay dN_inversion
'N.incl': line   2--->define delay dN_universal
'N.incl': line   3--->
'N.incl': line  26--->     "dN_universal = p21"
'N.incl': line  27--->     "dN_inversion = p22"
'phases.incl': line   1--->
'phases.incl': line   2--->
'2D_config.incl': line 298--->
'gradients.incl': line   1--->
'gradients.incl': line   4--->; 1-10 free
'gradients.incl': line  15--->
'gradients.incl': line  16--->
'gradients.incl': line  26--->;gp31 reserved for rdgradient
'gradients.incl': line  27--->
'gradients.incl': line  40--->
'gradients.incl': line  63--->
'gradients.incl': line  64--->
'gradients.incl': line  87--->
'gradients.incl': line  88--->
'gradients.incl': line  98--->define list<gradient> EA2=<EA2>
'gradients.incl': line  99--->
'gradients.incl': line 100--->;gpnam0: SMSQ10.100
'gradients.incl': line 101--->;gpnam1: SMSQ10.100
'gradients.incl': line 102--->
'gradients.incl': line 103--->;gpnam28: SMSQ10.100
'gradients.incl': line 104--->;gpnam29: SMSQ10.100
'gradients.incl': line 105--->;gpnam30: SMSQ10.100
'gradients.incl': line 107--->;gpz0: Prefocussing gradient.
'2D_config.incl': line 299--->
'pulses.incl': line   1--->; Manual set decoupling power:
'pulses.incl': line   2--->
'pulses.incl': line   5--->  "plw16 = plw3*(p21*p21)/(pcpd3*pcpd3)"  ; Recalculate power for classic N decoupling.
'pulses.incl': line   6--->
'pulses.incl': line   7--->
'pulses.incl': line   8--->"plw12 = plw2*(p3*p3)/(pcpd2*pcpd2)"  ; Recalculate power for classic C decoupling.
'pulses.incl': line   9--->"p51 = 10*p1"
'pulses.incl': line  10--->"p52 = 10*p3"
'pulses.incl': line  12--->"p61 = 10*p1"
'pulses.incl': line  13--->"p62 = 10*p3"
'pulses.incl': line  14--->"p63 = 10*p21"
'pulses.incl': line  15--->
'pulses.incl': line  16--->"spw51 = plw1"
'pulses.incl': line  17--->"spw52 = plw2"
'pulses.incl': line  18--->
'pulses.incl': line  19--->"spw61 = plw1"
'pulses.incl': line  20--->"spw62 = plw2"
'pulses.incl': line  21--->"spw63 = plw3"
'pulses.incl': line  23--->define pulse pGRAD
'pulses.incl': line  24--->"pGRAD = p16"
'pulses.incl': line  25--->define delay dGRAD
'pulses.incl': line  26--->"dGRAD = d16"
'pulses.incl': line  27--->define pulse pGProximalL
'pulses.incl': line  28--->"pGProximalL = p17"
'pulses.incl': line  29--->define delay dGProximalL
'pulses.incl': line  30--->"dGProximalL = d17"
'pulses.incl': line  31--->define pulse pGProximalS
'pulses.incl': line  32--->"pGProximalS = p18"
'pulses.incl': line  33--->define delay dGProximalS
'pulses.incl': line  34--->"dGProximalS = d18"
'pulses.incl': line  35--->define pulse pGDistalL
'pulses.incl': line  36--->"pGDistalL = p19"
'pulses.incl': line  37--->define delay dGDistalL
'pulses.incl': line  38--->"dGDistalL = d19"
'pulses.incl': line  39--->define pulse pGDistalS
'pulses.incl': line  40--->"pGDistalS = p20"
'pulses.incl': line  41--->define delay dGDistalS
'pulses.incl': line  42--->"dGDistalS = d20"
'pulses.incl': line  43--->;p16: crusher/prefocussing gradient pulse.
'pulses.incl': line  44--->;p17: Proximal long gradient pulse.
'pulses.incl': line  45--->;p18: Proximal short gradient pulse.
'pulses.incl': line  46--->;p19: Distal long gradient pulse.
'pulses.incl': line  47--->;p20: Distal short gradient pulse.
'pulses.incl': line  48--->
'pulses.incl': line  49--->
'pulses.incl': line  50--->;d16: Crusher/prefocussing gradient delay.
'pulses.incl': line  51--->;d17: Proximal long gradient delay.
'pulses.incl': line  52--->;d18: Proximal short gradient delay.
'pulses.incl': line  53--->;d19: Distal long gradient delay.
'pulses.incl': line  54--->;d20: Distal short gradient delay.
'pulses.incl': line  56--->; Water flipback and flipdown pulses:
'pulses.incl': line  57--->
'pulses.incl': line  58--->;p48: H2O flipback pulse
'pulses.incl': line  59--->;p49: H2O flipdown pulse
'pulses.incl': line  60--->
'pulses.incl': line  61--->;sp48: H2O flipback pulse
'pulses.incl': line  62--->;sp49: H2O flipdown pulse
'pulses.incl': line  64--->;p50:
'pulses.incl': line  65--->;p51: f1 channel, broadband refocussing pulse [BURBOP 20-200-900]
'pulses.incl': line  66--->;p52: f2 channel, broadband refocussing pulse [BURBOP 20-200-900]
'pulses.incl': line  67--->
'pulses.incl': line  68--->;p61: f1 channel, broadband refocussing pulse [G5]
'pulses.incl': line  69--->;p62: f2 channel, broadband refocussing pulse [G5]
'pulses.incl': line  70--->;p63: f3 channel, broadband refocussing pulse [G5]
'pulses.incl': line  71--->
'pulses.incl': line  72--->;sp50:
'pulses.incl': line  73--->;sp51: f1 channel, broadband refocussing pulse [BURBOP 20-200-900]
'pulses.incl': line  74--->;sp52: f2 channel, broadband refocussing pulse [BURBOP 20-200-900]
'pulses.incl': line  75--->;sp53: f3 channel, broadband refocussing pulse [BURBOP 20-200-900]
'pulses.incl': line  76--->;sp61: f1 channel, broadband refocussing pulse [G5]
'pulses.incl': line  77--->;sp62: f2 channel, broadband refocussing pulse [G5]
'pulses.incl': line  78--->;sp63: f3 channel, broadband refocussing pulse [G5]
'pulses.incl': line  80--->; Descriptions of parameters read from prosol:
'pulses.incl': line  81--->
'pulses.incl': line  82--->;p1: f1 channel -  90 degree high power pulse.
'pulses.incl': line  83--->;p2: f1 channel - 180 degree high power pulse.
'pulses.incl': line  84--->;p3: f2 channel -  90 degree high power pulse.
'pulses.incl': line  85--->;p4: f2 channel - 180 degree high power pulse.
'pulses.incl': line  86--->;p9: f2 channel - TOCSY mixing 90 degree pulselength.
'pulses.incl': line  87--->;p11: f1 channel -  90 degree shaped pulse.
'pulses.incl': line  88--->;p13: f2 channel -  90 Q5 Cali/CO.
'pulses.incl': line  89--->;p14: f2 channel - 180 Q3 Cali/CO.
'pulses.incl': line  90--->
'pulses.incl': line  91--->;p16: homospoil/gradient pulse  [1 ms]
'pulses.incl': line  92--->;p17: f1 channel - trim pulse [2.5 ms]
'pulses.incl': line  94--->;p21: f3 channel -  90 degree high power pulse.
'pulses.incl': line  95--->;p22: f3 channel - 180 degree high power pulse.
'pulses.incl': line  96--->
'pulses.incl': line  97--->;p32
'pulses.incl': line  98--->;p34
'pulses.incl': line  99--->;p36
'pulses.incl': line 100--->;p37
'pulses.incl': line 101--->;p38
'pulses.incl': line 102--->;p53
'pulses.incl': line 103--->;p54
'pulses.incl': line 104--->;p58
'pulses.incl': line 105--->;p59
'pulses.incl': line 106--->;plw37-63
'pulses.incl': line 107--->
'pulses.incl': line 108--->;p53: f4 channel - 90 degree high power pulse.
'pulses.incl': line 110--->;pcpd1: f1 channel - 90 degree pulse for decoupling sequence.
'pulses.incl': line 111--->;pcpd2: f2 channel - 90 degree pulse for decoupling sequence.
'pulses.incl': line 112--->;pcpd3: f3 channel - 90 degree pulse for decoupling sequence.
'pulses.incl': line 113--->;pcpd4: f4 channel - 90 degree pulse for decoupling sequence.
'pulses.incl': line 114--->;pcpd5: f5 channel - 90 degree pulse for decoupling sequence.
'pulses.incl': line 115--->
'pulses.incl': line 116--->
'pulses.incl': line 117--->;pl1: power for 1H  pulses.
'pulses.incl': line 118--->;pl2: power for 13C pulses.
'pulses.incl': line 119--->;pl3: power for 15N pulses.
'pulses.incl': line 120--->;pl4: power for 2H pulses.
'pulses.incl': line 123--->;pl10: f1 channel - trim pulse, 25 us equivalent maximum!
'pulses.incl': line 124--->;pl12: f2 channel - power level for CPD/BB decoupling.
'pulses.incl': line 125--->;pl16: f3 channel - power level for CPD/BB decoupling.
'pulses.incl': line 126--->;pl32: f1 channel - power level for H presat, 80 us equivalent maximum!
'pulses.incl': line 127--->
'pulses.incl': line 128--->;cpd1: decoupling according to sequence defined by cpdprg1.
'pulses.incl': line 129--->;cpd2: decoupling according to sequence defined by cpdprg2.
'pulses.incl': line 130--->;cpd3: decoupling according to sequence defined by cpdprg3.
'pulses.incl': line 131--->;cpd4: decoupling according to sequence defined by cpdprg4.
'pulses.incl': line 132--->;cpd5: decoupling according to sequence defined by cpdprg5.
'pulses.incl': line 133--->
'pulses.incl': line 135--->; Shaped pulses: sp1-sp42 set by Prosol.
'pulses.incl': line 136--->
'pulses.incl': line 137--->;sp1: f1 channel - shaped pulse  90 degree  (H2O on resonance).
'pulses.incl': line 138--->;sp2: f2 channel, 90 Q5 Cali/CO on resonance.
'pulses.incl': line 139--->;sp3: f2 channel, 180 Q3 Cali/CO on resonance.
'pulses.incl': line 140--->;sp5: f2 channel, 180 Q3 Cali off resonance.
'pulses.incl': line 141--->;sp6: f2 channel, 90 Q5 Cali/CO off resonance time reversed.
'pulses.incl': line 142--->;sp7: f2 channel, 180 Q3 CO with off resonance.
'pulses.incl': line 143--->;sp8: f2 channel, 90 Q5 Cali/CO on resonance time reversed.
'2D_config.incl': line 300--->
'delays.incl': line   1--->;d1: relaxation delay    [1.2 s]
'delays.incl': line   2--->;d0: effective relaxation delay
'delays.incl': line   3--->;d3: delay for RD gradient recovery [2 us]
'delays.incl': line   5--->;d9: C TOCSY mixing time [20 ms]
'delays.incl': line   6--->;d11: delay for disk I/O    [30 ms]
'delays.incl': line   7--->;d13: short delay  [4 usec]
'delays.incl': line   8--->;d16: delay for homospoil/gradient recovery [200 us]
'delays.incl': line   9--->
'delays.incl': line  10--->;d21: time for H -> N evolution [5.4 ms]
'delays.incl': line  11--->;d22: time for N -> H evolution [5.4 ms]
'delays.incl': line  12--->;d23: time for simultaneous H -> N and N -> H evolution [5.4 ms]
'delays.incl': line  13--->;d24: time for H -> C evolution [3.5 ms]
'delays.incl': line  14--->;d25: time for C -> H(1/2/3) evolution, prefers CH, 1/(3JCH) [2.6 ms]
'delays.incl': line  15--->;d26: time for C -> H(1/2/3) evolution, prefers CH2, 1/(4JCH) [1.8 ms]
'delays.incl': line  16--->;d27: time for C -> H(1/2/3) evolution, prefers CH3, 1/(5JCH) [1.4 ms]
'delays.incl': line  17--->;d28: time for H -> Caro evolution [3.5 ms]
'delays.incl': line  18--->;d29: time for Caro -> H evolution [3.5 ms]
'delays.incl': line  19--->;d30: time for N -> CO evolution [28 ms]
'delays.incl': line  20--->;d31: time for N -> CA evolution [28 ms]
'delays.incl': line  21--->;d32: time for CO -> CA evolution [9.1 ms]
'delays.incl': line  22--->;d33: time for CA -> CO evolution compensated for relaxation [6.3 ms to 9.1 ms]
'delays.incl': line  23--->;d34: time for CA -> CO evolution in constant time [9.1 ms]
'delays.incl': line  24--->;d35: 2*time for CA -> CACB evolution or CA constant time evolution [28.6 ms]
'delays.incl': line  25--->;d36: time for NCA -> CAN' evolution [28.6 ms or 54 ms]
'delays.incl': line  26--->;d37: time for CA -> CACB and CB -> CBCA partial evolution 1/(4JCACB) [7.1 ms]
'delays.incl': line  27--->;d38: time for CO -> N evolution [28 ms]
'delays.incl': line  28--->;d39: time for N -> CO and N -> CA evolution [28 ms]
'delays.incl': line  29--->;d40: time for N -> NCAiCAi-1 evolution [50 ms]
'delays.incl': line  30--->;d41: time for Hm -> Cm evolution [4 ms]
'delays.incl': line  31--->
'delays.incl': line  32--->;d46: symmetrizing delay for HC_refocussing.
'delays.incl': line  34--->;d50: time for C(ali)C(ali) FLOPSY16 mixing [20 ms]
'delays.incl': line  35--->;d51: time for C(aro)C(aro) FLOPSY16 mixing [20 ms]
'delays.incl': line  36--->
'delays.incl': line  37--->;d56: symmetrizing delay for H_refocussing.
'2D_config.incl': line 301--->
'2D.wt.pp': line  26--->
'2D.wt.pp': line  27--->"in1 = inf1"
'2D.wt.pp': line  28--->
'proximal_2D.incl': line   1--->
'proximal_2D.incl': line   2--->
'proximal.incl': line   1--->; Use gradients by default:
'proximal.incl': line   2--->
'proximal.incl': line   3--->
'proximal.incl': line  15--->
'proximal.incl': line  16--->
'proximal.incl': line  20--->define delay timeHX
'proximal.incl': line  21--->define delay timeXH
'proximal.incl': line  32--->  "timeHX = d21"
'proximal.incl': line  33--->  "timeXH = d22"
'proximal.incl': line  34--->
'proximal.incl': line  35--->
'proximal.incl': line  39--->define delay dX_inversion
'proximal.incl': line  40--->define delay dX_universal
'proximal.incl': line  41--->
'proximal.incl': line  42--->define pulse eHX_refocussing
'proximal.incl': line  43--->define pulse eHX_excitation
'proximal.incl': line  44--->define pulse eHX_exc_UR
'proximal.incl': line  45--->define pulse eHX_fb_UR
'proximal.incl': line  46--->define pulse pHX_inversion
'proximal.incl': line  47--->define pulse pHX_exc_UR
'proximal.incl': line  48--->
'proximal.incl': line  64--->    "dX_inversion = dN_inversion"
'proximal.incl': line  65--->    "dX_universal = dN_universal"
'proximal.incl': line  80--->define pulse pY_inversion
'proximal.incl': line  81--->
'proximal.incl': line  82--->
'proximal.incl': line  89--->    "pY_inversion = dC_inversion"
'proximal.incl': line  90--->
'proximal.incl': line  91--->
'proximal.incl': line 127--->
'proximal.incl': line 128--->
'proximal.incl': line 129--->    "pHX_inversion = pH_inversion"
'proximal.incl': line 130--->    "pHX_exc_UR = pH_exc_UR"
'proximal.incl': line 131--->    "eHX_excitation = eH_excitation"
'proximal.incl': line 132--->    "eHX_refocussing = eH_refocussing"
'proximal.incl': line 133--->    "eHX_exc_UR = eH_exc_UR"
'proximal.incl': line 134--->    "eHX_fb_UR = eH_fb_UR"
'proximal.incl': line 137--->;cnst44: effective evolution multiplier for HC_excitation.
'proximal.incl': line 138--->;cnst46: effective evolution multiplier for HC_refocussing.
'proximal.incl': line 139--->;cnst47: effective evolution multiplier for HC_UR_exc.
'proximal.incl': line 140--->;cnst48: effective evolution multiplier for HC_UR_fb.
'proximal.incl': line 141--->
'proximal.incl': line 142--->;cnst54: effective evolution multiplier for C_excitation.
'proximal.incl': line 143--->;cnst56: effective evolution multiplier for C_refocussing.
'proximal.incl': line 144--->;cnst57: effective evolution multiplier for C_UR_exc.
'proximal.incl': line 145--->;cnst58: effective evolution multiplier for C_UR_fb.
'proximal_2D.incl': line   4--->
'hsqc.pp': line   1--->
'hsqc.pp': line   2--->
'hsqc.pp': line   3--->; Set up chemical shift evolution times:
'hsqc.pp': line   5--->define delay TProximal
'hsqc.pp': line   6--->"TProximal = 0"
'hsqc.pp': line   7--->
'hsqc.pp': line   8--->define delay TproximalPre
'hsqc.pp': line   9--->define delay TproximalPost
'hsqc.pp': line  10--->define delay dHX  ; H echo.
'hsqc.pp': line  11--->define delay dXH_SE1  ; First echo of the sensitivity enhanced transfer.
'hsqc.pp': line  12--->define delay dXH_SE2  ; Second echo of the sensitivity enhanced transfer.
'hsqc.pp': line  13--->define delay ECHOTIME1  ; Delay before the last H refocussing pulse.
'hsqc.pp': line  14--->define delay ECHOTIME2  ; Delay after the last H refocussing pulse.
'hsqc.pp': line  15--->
'hsqc.pp': line  16--->; Nietlispach's TROSY requires an extra flipback pulse to bring H2O back to z:
'hsqc.pp': line  23--->; For now assumes pulses exciting H to the left of H2O:
'hsqc.pp': line  24--->"dHX = timeHX/2 - pGProximalS - dGProximalS - eHX_refocussing/2 - eHX_excitation"
'hsqc.pp': line  25--->
'hsqc.pp': line  26--->"dXH_SE1 = timeXH/2 - pGProximalS - dGProximalS - eHX_refocussing/2 - eHX_fb_UR"
'hsqc.pp': line  27--->"dXH_SE2 = timeXH/2 - pGProximalS - dGProximalS - eHX_refocussing/2 - eHX_exc_UR"
'hsqc.pp': line  28--->
'hsqc.pp': line  29--->; Compensate X SQ echo if H pulse in the ending pair is longer than the X pulse:
'hsqc.pp': line  30--->"TproximalPre = larger((pHX_exc_UR - dX_universal), 0)"
'hsqc.pp': line  33--->    "TproximalPre += pH2O_flipback"
'hsqc.pp': line  34--->
'hsqc.pp': line  35--->
'hsqc.pp': line  36--->; Compensate for inversion pulses during X SQ evolution:
'hsqc.pp': line  38--->    "TproximalPost = pY_inversion"
'hsqc.pp': line  39--->
'hsqc.pp': line  40--->
'hsqc.pp': line  43--->; Mutually compensate delays around the N refocussing pulse:
'hsqc.pp': line  44--->"if (TproximalPre > TproximalPost) {TproximalPre -= TproximalPost; TproximalPost = 0;}"
'hsqc.pp': line  45--->"if (TproximalPost > TproximalPre) {TproximalPost -= TproximalPre; TproximalPre = 0;}"
'hsqc.pp': line  46--->
'hsqc.pp': line  47--->; Delays in the gradient selection echo on H:
'hsqc.pp': line  48--->"ECHOTIME1 = de"
'hsqc.pp': line  49--->"ECHOTIME2 = eHX_fb_UR"
'hsqc.pp': line  50--->
'hsqc.pp': line  51--->; Mutually compensate delays in the last echo of a sensitivity enhanced sequence:
'hsqc.pp': line  52--->"if (ECHOTIME1 >= ECHOTIME2) {ECHOTIME1 -= ECHOTIME2; ECHOTIME2 = 0;}"
'hsqc.pp': line  53--->"if (ECHOTIME2 > ECHOTIME1) {ECHOTIME2 -= ECHOTIME1; ECHOTIME1 = 0;}"
'hsqc.pp': line  65--->"acqt0 = 0"
'hsqc.pp': line  66--->baseopt_echo
'hsqc.pp': line  67--->; *****************************************************************************
'2D.wt.pp': line  30--->
'2D.wt.pp': line  31, macro exp. def. 1--->; dimension 2D; AQ_mode  (F1) Echo-Antiecho
'2D.wt.pp': line  31, macro exp. def. 2--->define delay MCWRK
'2D.wt.pp': line  31, macro exp. def. 3--->define delay MCREST
'2D.wt.pp': line  31, macro exp. def. 4--->define delay TProximalorig
'2D.wt.pp': line  31, macro exp. def. 5--->"TProximalorig=TProximal"
'2D.wt.pp': line  31, macro exp. def. 6--->define loopcounter t1loop
'2D.wt.pp': line  31, macro exp. def. 7--->"t1loop=0"
'2D.wt.pp': line  31, macro exp. def. 8--->define loopcounter ph1loop
'2D.wt.pp': line  31, macro exp. def. 9--->"ph1loop=0"
'2D.wt.pp': line  31, macro exp. def. 10--->define loopcounter ST1CNT
'2D.wt.pp': line  31, macro exp. def. 11--->"ST1CNT = trunc(td1 / 2)"
'2D.wt.pp': line  31, macro exp. def. 12--->"MCREST = d11 - d11"
'2D.wt.pp': line  31, macro exp. def. 13--->"MCWRK = 0.076923*d11"
'2D.wt.pp': line  31, macro exp. def. 14--->
'2D.wt.pp': line  31, macro exp. def. 15--->    dccorr

Begin of PTList: lalign
{
    dur3 == line 592
    fixdel(13.500000 usec) SYNCRCU 
    
    dur4 == line 592
    fixdel(4.500000 usec) ADCGO RCU 1 ADCGO_DC channel 1: SY receive phase(65,0) PHADDO PHREF 
    phase(65,8) receive 
}


{
    dur5 == line 592
    de 
    
    dur6 == line 592
    fixdel(1000.000000 usec) setNmr1: 0x2100 
    
    dur7 == line 592
    fixdel(500.000000 usec) clrNmr1: 0x2100  EVENT-EOSZ eos1 
}
End of PTList

'2D.wt.pp': line  31--->1 ze
dur8 == line 594
fixdel(3000.000000 usec)  EVENT-EOSZ ze1 

'2D.wt.pp': line  32, macro exp. def. 1--->LBLAV, MCWRK
'2D.wt.pp': line  32, macro exp. def. 2--->      "TProximal=TProximalorig + t1loop * in1 "
dur9 == line 596
MCWRK 

'2D.wt.pp': line  32, macro exp. def. 3--->      "phval13 = (ph1loop % 2) * 180"
dur10 == line 598
fixdel(0.000000 usec) 

'2D.wt.pp': line  32, macro exp. def. 4--->      MCWRK ip13 + phval13
'2D.wt.pp': line  32, macro exp. def. 5--->      "phval11 = (t1loop * 180)%360"
dur11 == line 599
MCWRK  IRPTIPH 13 

'2D.wt.pp': line  32, macro exp. def. 6--->      MCWRK ip11 + phval11
'2D.wt.pp': line  32, macro exp. def. 7--->      "phval31 = (t1loop * 180)%360"
dur12 == line 601
MCWRK  IRPTIPH 11 

'2D.wt.pp': line  32, macro exp. def. 8--->      MCWRK ip31 + phval31
dur13 == line 603
MCWRK  IRPTIPH 31 

'2D.wt.pp': line  32, macro exp. def. 9--->      MCWRK
'2D.wt.pp': line  32, macro exp. def. 10--->      "phval0 = ph1loop * 1"
dur14 == line 604
MCWRK 

'2D.wt.pp': line  32, macro exp. def. 11--->      MCWRK setgrad EA
'2D.wt.pp': line  32--->
'preparation.incl': line   1--->
dur15 == line 606
MCWRK Gradient statement # 1, type = 0xf00 

'2D.wt.pp': line   2, macro exp. start 1--->2 MCWRK  * 6 do:f2  do:f3
dur16 == line 612
MCWRK  * 6 channel 2: DO channel 3: DO 

'2D.wt.pp': line   2, macro exp. start 2--->LBLF1, MCWRK  * 6
dur17 == line 613
MCWRK  * 6 

'2D.wt.pp': line   2, macro exp. start 3--->LBLST1, MCWRK 
dur18 == line 614
MCWRK 

'2D.wt.pp': line   2, macro exp. start 4--->  MCREST
'2D.wt.pp': line   3--->; TODO: 
'2D.wt.pp': line   4--->; Calculate recycling delay including everything outside pulses and acquisition time.
'2D.wt.pp': line   5--->
'2D.wt.pp': line   6--->; Reset relaxation delay:
'preparation.incl': line  10--->    "d0 = d1"   ; Reset relaxation delay.
'preparation.incl': line  11--->
'preparation.incl': line  12--->
dur19 == line 615
MCREST 

'preparation.incl': line  13--->"d0 -= d11 + 4u"    ; Account for d11 file write delay and 4u delay for setnmr3|0 setnmr0|34|32|33 ctrlgrad 0.
dur20 == line 625
fixdel(0.000000 usec) 

'preparation.incl': line  16--->    (p22 ph0 pl3):f3
'preparation.incl': line  17--->    "d0 -= dX_inversion"
'preparation.incl': line  18--->
'preparation.incl': line  19--->
'preparation.incl': line  35--->
'preparation.incl': line  45--->
'preparation.incl': line  63--->
'preparation.incl': line  64--->

Begin of PTList: lalign
{
    dur21 == line 627
    p22 Pulse3 channel 3: set power PL3 phase(0,0) 
}
End of PTList

'preparation.incl': line  67--->  d0    ; Relaxation delay.
'preparation.incl': line  68--->
'preparation.incl': line  78--->
dur22 == line 641
d0 

'preparation.incl': line  88--->  4u do:f1 setnmr3|0 setnmr0|34|32|33 ctrlgrad 0
'preparation.incl': line  98--->
'preparation.incl': line  99--->
'preparation.incl': line 114--->
'preparation.incl': line 115--->; Extra gradient delay:  
'preparation.incl': line 116--->
'2D.wt.pp': line  34--->
'2D.wt.pp': line  35--->; Include in acq.incl
'2D.wt.pp': line  36--->
'hsqc.pp': line  69--->
'hsqc.pp': line  70--->
'hsqc.pp': line  71--->; Hz -> HzNz:
dur23 == line 646
fixdel(4.000000 usec) setRcp2: 0x7 setNmr1: 0x1 channel 1: DO Gradient statement # 0, type = 0xa00 

'hsqc.pp': line  72--->  (p1 ph0 pl1):f1

Begin of PTList: lalign
{
    dur24 == line 666
    p1 Pulse1 channel 1: set power PL1 phase(0,0) 
}
End of PTList

'hsqc.pp': line  73--->  pGProximalS:gp11 dGProximalS
dur25 == line 667
pGProximalS Gradient statement # 0, type = 0x200 NEXTGRAD 

dur26 == line 667
dGProximalS 

'hsqc.pp': line  74--->  dHX
dur27 == line 668
dHX 

'hsqc.pp': line  75--->  (center (p2 ph1 pl1):f1 (p22 ph0 pl3):f3)

Begin of PTList: center
{
    dur28 == line 669
    p2 Pulse1 channel 1: set power PL1 phase(1,0) 
}


{
    dur29 == line 669
    p22 Pulse3 channel 3: set power PL3 phase(0,0) 
}
End of PTList

'hsqc.pp': line  76--->  dHX
dur30 == line 670
dHX 

'hsqc.pp': line  77--->  pGProximalS:gp11 dGProximalS
dur31 == line 671
pGProximalS Gradient statement # 1, type = 0x200 NEXTGRAD 

dur32 == line 671
dGProximalS 

'hsqc.pp': line  79--->      (p1 ph3 pl1):f1 ; CHalpha or NHbeta.
'hsqc.pp': line  80--->
'hsqc.pp': line  81--->

Begin of PTList: lalign
{
    dur33 == line 673
    p1 Pulse1 channel 1: set power PL1 phase(3,0) 
}
End of PTList

'hsqc.pp': line  83--->  (p11:sp1 ph2 + ph0):f1 ; H2O to z by default.
'hsqc.pp': line  84--->
'hsqc.pp': line  85--->

Begin of PTList: lalign
{
    dur34 == line 677
    p11 Shape Pulse SP1:f1 channel 1: shape pulse 1 via ptr -1 phase(2,0) + phase (0,0) 
    
}
End of PTList

'hsqc.pp': line  86--->  p16:gp14 d16
'hsqc.pp': line  88--->; HzNz -> HzNy + HzNx with N evolution (T1):
dur35 == line 680
p16 Gradient statement # 2, type = 0x200 NEXTGRAD 

dur36 == line 680
d16 

'hsqc.pp': line  89--->  (p21 ph11 pl3):f3
'hsqc.pp': line  90--->  

Begin of PTList: lalign
{
    dur37 == line 683
    p21 Pulse3 channel 3: set power PL3 phase(11,0) 
}
End of PTList

'hsqc.pp': line  91--->  TProximal*0.5
'hsqc.pp': line  92--->  
'hsqc.pp': line  93--->
dur38 == line 685
TProximal  * 0.5 

'hsqc.pp': line  94--->    (p41:sp41 ph0):f2
'hsqc.pp': line  95--->

Begin of PTList: lalign
{
    dur39 == line 688
    p41 Shape Pulse SP41:f2 channel 2: shape pulse 41 via ptr -1 phase(0,0) 
}
End of PTList

'hsqc.pp': line  98--->  p16:gp17*EA
dur40 == line 691
p16 Gradient statement # 3, type = 0x200 NEXTGRAD 

'hsqc.pp': line  99--->  d16
'hsqc.pp': line 100--->  
dur41 == line 692
d16 

'hsqc.pp': line 101--->  TProximal*0.5
'hsqc.pp': line 102--->  
dur42 == line 694
TProximal  * 0.5 

'hsqc.pp': line 103--->  TproximalPre
dur43 == line 696
TproximalPre 

'hsqc.pp': line 104--->  (p22 ph12 pl3):f3

Begin of PTList: lalign
{
    dur44 == line 697
    p22 Pulse3 channel 3: set power PL3 phase(12,0) 
}
End of PTList

'hsqc.pp': line 105--->  p16:gp18*EA    ; Optional.
dur45 == line 698
p16 Gradient statement # 4, type = 0x200 NEXTGRAD 

'hsqc.pp': line 106--->  d16
'hsqc.pp': line 107--->   ; Compensate for the minimum time of two RDGRADs
dur46 == line 699
d16 

'hsqc.pp': line 108--->  TproximalPost
'hsqc.pp': line 109--->
'hsqc.pp': line 110--->
'hsqc.pp': line 130--->;   COS-INEPT/Nietlispach 1:
dur47 == line 701
TproximalPost 

'hsqc.pp': line 131--->    (ralign (p11:sp1 ph0 p1 ph0 pl1):f1 (p21 ph13 pl3):f3)

Begin of PTList: ralign
{
    dur48 == line 707
    p11 Shape Pulse SP1:f1 channel 1: shape pulse 1 via ptr -1 phase(0,0) 
    
    dur49 == line 707
    p1 Pulse1 channel 1: set power PL1 phase(0,0) 
}


{
    dur50 == line 707
    p21 Pulse3 channel 3: set power PL3 phase(13,0) 
}
End of PTList

'hsqc.pp': line 132--->    pGProximalS:gp12 dGProximalS
dur51 == line 708
pGProximalS Gradient statement # 5, type = 0x200 NEXTGRAD 

dur52 == line 708
dGProximalS 

'hsqc.pp': line 133--->    dXH_SE1
dur53 == line 709
dXH_SE1 

'hsqc.pp': line 134--->    (center (p2 ph0 pl1):f1 (p22 ph0 pl3):f3)

Begin of PTList: center
{
    dur54 == line 710
    p2 Pulse1 channel 1: set power PL1 phase(0,0) 
}


{
    dur55 == line 710
    p22 Pulse3 channel 3: set power PL3 phase(0,0) 
}
End of PTList

'hsqc.pp': line 135--->    dXH_SE1
dur56 == line 711
dXH_SE1 

'hsqc.pp': line 136--->    pGProximalS:gp12 dGProximalS
dur57 == line 712
pGProximalS Gradient statement # 6, type = 0x200 NEXTGRAD 

dur58 == line 712
dGProximalS 

'hsqc.pp': line 137--->    (lalign (p1 ph1 pl1):f1 (p21 ph0 pl3):f3)

Begin of PTList: lalign
{
    dur59 == line 713
    p1 Pulse1 channel 1: set power PL1 phase(1,0) 
}


{
    dur60 == line 713
    p21 Pulse3 channel 3: set power PL3 phase(0,0) 
}
End of PTList

'hsqc.pp': line 138--->    pGProximalS:gp13 dGProximalS
dur61 == line 714
pGProximalS Gradient statement # 7, type = 0x200 NEXTGRAD 

dur62 == line 714
dGProximalS 

'hsqc.pp': line 139--->    dXH_SE2
dur63 == line 715
dXH_SE2 

'hsqc.pp': line 140--->    (center (p2 ph0 pl1):f1 (p22 ph0 pl3):f3)

Begin of PTList: center
{
    dur64 == line 716
    p2 Pulse1 channel 1: set power PL1 phase(0,0) 
}


{
    dur65 == line 716
    p22 Pulse3 channel 3: set power PL3 phase(0,0) 
}
End of PTList

'hsqc.pp': line 141--->    dXH_SE2
dur66 == line 717
dXH_SE2 

'hsqc.pp': line 142--->    pGProximalS:gp13 dGProximalS
'hsqc.pp': line 143--->
dur67 == line 718
pGProximalS Gradient statement # 8, type = 0x200 NEXTGRAD 

dur68 == line 718
dGProximalS 

'hsqc.pp': line 144--->      (ralign (p1 ph1 pl1):f1 (p21 ph3 + ph14 pl3):f3)
'hsqc.pp': line 145--->

Begin of PTList: ralign
{
    dur69 == line 720
    p1 Pulse1 channel 1: set power PL1 phase(1,0) 
}


{
    dur70 == line 720
    p21 Pulse3 channel 3: set power PL3 phase(3,0) + phase (14,0) 
}
End of PTList

'hsqc.pp': line 148--->  pGRAD:gp19
dur71 == line 723
pGRAD Gradient statement # 9, type = 0x200 NEXTGRAD 

'hsqc.pp': line 149--->  dGRAD
dur72 == line 724
dGRAD 

'hsqc.pp': line 150--->  ECHOTIME1
dur73 == line 725
ECHOTIME1 

'hsqc.pp': line 151--->  (p2 ph0 pl1):f1

Begin of PTList: lalign
{
    dur74 == line 726
    p2 Pulse1 channel 1: set power PL1 phase(0,0) 
}
End of PTList

'hsqc.pp': line 152--->  ECHOTIME2
dur75 == line 727
ECHOTIME2 

'hsqc.pp': line 153--->  pGRAD:gp20
dur76 == line 728
pGRAD Gradient statement # 10, type = 0x200 NEXTGRAD 

'hsqc.pp': line 154--->  dGRAD  setnmr3^0 setnmr0^34^32^33 ctrlgrad 7
'hsqc.pp': line 155--->
'hsqc.pp': line 164--->
'hsqc.pp': line 165--->; *****************************************************************************
'acq.incl': line   1--->
'acq.incl': line   2--->
dur77 == line 729
dGRAD clrRcp2: 0x7 clrNmr1: 0x1 Gradient statement # 7, type = 0xa00 

'acq.incl': line  16--->    go=2 ph31 
'2D.wt.pp': line  39--->

Begin of PTList: lalign
{
    dur78 == line 741
    fixdel(13.500000 usec) SYNCRCU 
    
    dur79 == line 741
    fixdel(4.500000 usec) ADCGO RCU 1 channel 1: SY receive phase(65,0) PHADDO PHREF 
    phase(31,8) receive 
}


{
    dur80 == line 741
    de 
    
    dur81 == line 741
    aq channel 1: CPDSNG prog 16 (CPDPRG17)via ptr 0 
    
    dur82 == line 741
    fixdel(2500.000000 usec) 
    
    dur83 == line 741
    fixdel(500.000000 usec) channel 1: Dwell off channel 1: SY transmit  EVENT-EOSZ eos1 
    loop to '2D.wt.pp': line   2, macro exp. start 1 times ns (ns+ds) 
}
End of PTList

'2D.wt.pp': line  40, macro exp. mc 1--->  MCWRK  wr #0 if #0 zd 
'2D.wt.pp': line  40, macro exp. mc 2--->
'2D.wt.pp': line  40, macro exp. mc 3--->  "ph1loop+=1"
dur84 == line 745
MCWRK  EVENT-EOSZ zd1  AQBUS-WR RCU 1 wrif 0 

'2D.wt.pp': line  40, macro exp. mc 4--->      "TProximal=TProximalorig + t1loop * in1 "
dur85 == line 748
fixdel(0.000000 usec) 

'2D.wt.pp': line  40, macro exp. mc 5--->      "phval13 = (ph1loop % 2) * 180"
dur86 == line 749
fixdel(0.000000 usec) 

'2D.wt.pp': line  40, macro exp. mc 6--->      MCWRK ip13 + phval13
'2D.wt.pp': line  40, macro exp. mc 7--->      "phval11 = (t1loop * 180)%360"
dur87 == line 750
MCWRK  IRPTIPH 13 

'2D.wt.pp': line  40, macro exp. mc 8--->      MCWRK ip11 + phval11
'2D.wt.pp': line  40, macro exp. mc 9--->      "phval31 = (t1loop * 180)%360"
dur88 == line 752
MCWRK  IRPTIPH 11 

'2D.wt.pp': line  40, macro exp. mc 10--->      MCWRK ip31 + phval31
dur89 == line 754
MCWRK  IRPTIPH 31 

'2D.wt.pp': line  40, macro exp. mc 11--->      MCWRK
'2D.wt.pp': line  40, macro exp. mc 12--->      "phval0 = ph1loop * 1"
dur90 == line 755
MCWRK 

'2D.wt.pp': line  40, macro exp. mc 13--->      MCWRK setgrad EA
'2D.wt.pp': line  40, macro exp. mc 14--->  lo to LBLF1 times 2
dur91 == line 757
MCWRK Gradient statement # 1, type = 0xf00 loop to '2D.wt.pp': line   2, macro exp. start 2 times 2 

'2D.wt.pp': line  40, macro exp. mc 15--->  MCWRK 
'2D.wt.pp': line  40, macro exp. mc 16--->
'2D.wt.pp': line  40, macro exp. mc 17--->  "t1loop+=1"
dur92 == line 759
MCWRK 

'2D.wt.pp': line  40, macro exp. mc 18--->      "TProximal=TProximalorig + t1loop * in1 "
dur93 == line 762
fixdel(0.000000 usec) 

'2D.wt.pp': line  40, macro exp. mc 19--->      "phval13 = (ph1loop % 2) * 180"
dur94 == line 763
fixdel(0.000000 usec) 

'2D.wt.pp': line  40, macro exp. mc 20--->      MCWRK ip13 + phval13
'2D.wt.pp': line  40, macro exp. mc 21--->      "phval11 = (t1loop * 180)%360"
dur95 == line 764
MCWRK  IRPTIPH 13 

'2D.wt.pp': line  40, macro exp. mc 22--->      MCWRK ip11 + phval11
'2D.wt.pp': line  40, macro exp. mc 23--->      "phval31 = (t1loop * 180)%360"
dur96 == line 766
MCWRK  IRPTIPH 11 

'2D.wt.pp': line  40, macro exp. mc 24--->      MCWRK ip31 + phval31
dur97 == line 768
MCWRK  IRPTIPH 31 

'2D.wt.pp': line  40, macro exp. mc 25--->      MCWRK
'2D.wt.pp': line  40, macro exp. mc 26--->      "phval0 = ph1loop * 1"
dur98 == line 769
MCWRK 

'2D.wt.pp': line  40, macro exp. mc 27--->      MCWRK setgrad EA
'2D.wt.pp': line  40, macro exp. mc 28--->  lo to LBLST1 times ST1CNT
dur99 == line 771
MCWRK Gradient statement # 1, type = 0xf00 loop to '2D.wt.pp': line   2, macro exp. start 3 times l120 

'2D.wt.pp': line  40, macro exp. mc 29--->  MCWRK 
'2D.wt.pp': line  40, macro exp. mc 30--->  "t1loop=0"
dur100 == line 773
MCWRK 

'2D.wt.pp': line  40, macro exp. mc 31--->  "ph1loop=0"
dur101 == line 775
fixdel(0.000000 usec) 

'2D.wt.pp': line  40, macro exp. mc 32--->  MCWRK rf #0
'2D.wt.pp': line  40, macro exp. mc 33--->  lo to LBLAV times tdav
dur102 == line 776
MCWRK  AQBUS-WR RCU 1 rf 0 loop to '2D.wt.pp': line  32, macro exp. def. 1 times tdav 

'2D.wt.pp': line  42--->exit
'2D.wt.pp': line  43--->
dur103 == line 779
fixdel(50000.000000 usec) 

dur104 == line 779
fixdel(10000.000000 usec)  EVENT-EOSZ esc0 

dur105 == line 779
fixdel(10000.000000 usec) 


phase program no. 65:
Fraction:  4.000000 
Increment:  0x4000 =  90.00 degrees
  0:             0 =   0.00 degrees

phase program no. 0:
Fraction:  4.000000 
Increment:  0x4000 =  90.00 degrees
  0:             0 =   0.00 degrees

phase program no. 1:
Fraction:  4.000000 
Increment:  0x4000 =  90.00 degrees
  0:        0x4000 =  90.00 degrees

phase program no. 2:
Fraction:  4.000000 
Increment:  0x4000 =  90.00 degrees
  0:        0x8000 = 180.00 degrees

phase program no. 3:
Fraction:  4.000000 
Increment:  0x4000 =  90.00 degrees
  0:        0xc000 = 270.00 degrees

phase program no. 30:
Fraction:  4.000000 
Increment:  0x4000 =  90.00 degrees
  0:             0 =   0.00 degrees

phase program no. 14:
Fraction:  4.000000 
Increment:  0x4000 =  90.00 degrees
  0:        0x8000 = 180.00 degrees

phase program no. 13:
Fraction:  4.000000 
Increment:  0x4000 =  90.00 degrees
  0:             0 =   0.00 degrees

phase program no. 11:
Fraction:  4.000000 
Increment:  0x4000 =  90.00 degrees
  0:        0xc000 = 270.00 degrees
  1:        0x4000 =  90.00 degrees

phase program no. 12:
Fraction:  4.000000 
Increment:  0x4000 =  90.00 degrees
  0:             0 =   0.00 degrees
  1:             0 =   0.00 degrees

phase program no. 31:
Fraction:  4.000000 
Increment:  0x4000 =  90.00 degrees
  0:             0 =   0.00 degrees
  1:        0x8000 = 180.00 degrees
file list:
=================================================
          filename              actlineno  offset
=================================================
               2D.wt.pp        1            1
             <built-in>        2            2
         <command-line>        3            3
               2D.wt.pp        4            4
            Avance.incl        8            8
            Avance.incl       16         -152
               2D.wt.pp       18           15
              Grad.incl       20           20
              Grad.incl       29            3
              Grad.incl       33            3
               2D.wt.pp       35           31
               2D.wt.pp       37           14
         2D_config.incl       39           39
                De.incl       43           43
                De.incl       51           42
                De.incl       56           33
                De.incl       60           28
         2D_config.incl       62           59
         2D_config.incl       64           52
         2D_config.incl       66           -6
         2D_config.incl       72          -37
         2D_config.incl       73          -37
         2D_config.incl       79          -38
         2D_config.incl       83          -86
         2D_config.incl       84          -86
         2D_config.incl       86          -98
         2D_config.incl       88         -105
         2D_config.incl       89         -105
         2D_config.incl       91         -115
         2D_config.incl       94         -131
         2D_config.incl       99         -131
         2D_config.incl      108         -131
         2D_config.incl      115         -131
         2D_config.incl      123         -131
         2D_config.incl      138         -141
         2D_config.incl      139         -141
         2D_config.incl      141         -150
                 H.incl      143          143
                 H.incl      168          143
                 H.incl      171          130
                 H.incl      174          130
                 H.incl      178          122
                 H.incl      182           94
                 H.incl      184           22
                 H.incl      194           16
                 H.incl      205            8
         2D_config.incl      208          -85
                 C.incl      210          210
                 C.incl      217          187
                 C.incl      218          187
         2D_config.incl      222          -72
                 N.incl      224          224
                 N.incl      228          203
         2D_config.incl      231          -64
            phases.incl      232          232
         2D_config.incl      235          -62
         gradients.incl      237          237
         gradients.incl      239          236
         gradients.incl      241          227
         gradients.incl      244          219
         gradients.incl      247          208
         gradients.incl      249          188
         gradients.incl      250          188
         gradients.incl      253          168
         gradients.incl      254          168
         gradients.incl      257          160
         gradients.incl      266          160
         2D_config.incl      268          -30
            pulses.incl      270          270
            pulses.incl      273          269
            pulses.incl      280          269
            pulses.incl      291          269
            pulses.incl      324          269
            pulses.incl      332          269
            pulses.incl      348          269
            pulses.incl      362          269
            pulses.incl      378          269
            pulses.incl      390          268
            pulses.incl      402          268
         2D_config.incl      412          113
            delays.incl      414          414
            delays.incl      418          414
            delays.incl      447          414
         2D_config.incl      452          152
         2D_config.incl      454          133
               2D.wt.pp      455          430
       proximal_2D.incl      459          459
          proximal.incl      462          462
          proximal.incl      466          453
          proximal.incl      467          453
          proximal.incl      470          451
          proximal.incl      473          442
          proximal.incl      478          440
          proximal.incl      489          426
          proximal.incl      492          419
          proximal.incl      493          414
          proximal.incl      497          409
          proximal.incl      501          376
          proximal.incl      502          376
          proximal.incl      511          375
       proximal_2D.incl      521          518
                hsqc.pp      523          523
                hsqc.pp      527          523
                hsqc.pp      540          518
                hsqc.pp      549          517
                hsqc.pp      554          517
                hsqc.pp      558          516
                hsqc.pp      570          506
       proximal_2D.incl      574          565
               2D.wt.pp      575          546
2D.wt.pp exp. def. part      577          546
               2D.wt.pp      593          563
2D.wt.pp exp. def. of m      595          563
               2D.wt.pp      607          576
       preparation.incl      609          609
2D.wt.pp exp. start lab      611          609
               2D.wt.pp      616          614
       preparation.incl      621          612
       preparation.incl      626          611
       preparation.incl      631          598
       preparation.incl      632          598
       preparation.incl      634          590
       preparation.incl      636          575
       preparation.incl      637          575
       preparation.incl      640          574
       preparation.incl      643          566
       preparation.incl      645          558
       preparation.incl      647          551
       preparation.incl      648          551
       preparation.incl      651          539
       preparation.incl      652          539
               2D.wt.pp      656          623
       proximal_2D.incl      660          660
                hsqc.pp      661          661
                hsqc.pp      662          594
                hsqc.pp      672          594
                hsqc.pp      676          594
                hsqc.pp      681          594
                hsqc.pp      690          593
                hsqc.pp      704          576
                hsqc.pp      705          576
                hsqc.pp      722          575
                hsqc.pp      731          568
       proximal_2D.incl      734          725
               2D.wt.pp      735          699
               acq.incl      736          736
               acq.incl      739          725
               acq.incl      740          725
               2D.wt.pp      742          704
2D.wt.pp exp. mc cmd. i      744          704
               2D.wt.pp      778          737
       proximal_2D.incl      786          786
                hsqc.pp      789          789
                hsqc.pp      790          624
                hsqc.pp      794          619
                hsqc.pp      799          619
                hsqc.pp      803          616
                hsqc.pp      807          613
                hsqc.pp      811          613
                hsqc.pp      821          607
                hsqc.pp      835          607
       proximal_2D.incl      843          834
               2D.wt.pp      844          793
