scaling[] = {1, 1, 1}
ramp_mode = 3, ramp_time = 100, ramp_slope = 0.001

Output Header
=============

n_gpoints   = 16
n_slices    = 1
ramp_default= Ramp_off
slope_inc   = 10737
time_res    = 1.000000

Gradient Table
==============

  pulse     delay    cnt        base gp_idx gpf_n gpfp_idx gpfp_n
ShapOff     0.000    101:          0      0     0       54      1
ShapOff     0.000    101:          0      0     0       55      1
ShapOff     0.000    101:          0      0     0       56      1
ShapOff     0.000    101:          0      0     0       57      1
ShapOff     0.000    101:          0      0     0       58      1
ShapOff     0.000    101:          0      0     0       59      1
ShapOff     0.000    101:          0      0     0       60      1
ShapOff     0.000    101:          0      0     0       61      1
ShapOff     0.000    101:          0      0     0       62      1
ShapOff     0.000    101:          0      0     0       63      1
ShapOff     0.000    101:          0      0     0       64      1
ShapOff     0.000    101:          0      0     0       65      1
ShapOff     0.000    101:          0      0     0       66      1
ShapOff     0.000    101:          0      0     0       67      1
ShapOff     0.000    101:          0      0     0       68      1
ShapOff     0.000    101:          0      0     0       69      1
ShapOff     0.000    101:          0      0     0       70      1
ShapOff     0.000    101:          0      0     0       71      1
ShapOff     0.000    101:          0      0     0       72      1
ShapOff     0.000    101:          0      0     0       73      1
ShapOff     0.000    101:          0      0     0       74      1
ShapOff     0.000    101:          0      0     0       75      1
ShapOff     0.000    101:          0      0     0       76      1
ShapOff     0.000    101:          0      0     0       77      1
ShapOff     0.000    101:          0      0     0       78      1
ShapOff     0.000    101:          0      0     0       79      1
ShapOff     0.000    101:          0      0     0       80      1
ShapOff     0.000    101:          0      0     0       81      1
ShapOff     0.000    101:          0      0     0       82      1
ShapOff     0.000    101:          0      0     0       83      1
ShapOff     0.000    101:          0      0     0       84      1
ShapOff     0.000    101:          0      0     0       85      1
ShapOff     0.000    101:          0      0     0       86      1
ShapOff     0.000    101:          0      0     0       87      1
ShapOff     0.000    101:          0      0     0       88      1
ShapOff     0.000    101:          0      0     0       89      1
ShapOff     0.000    101:          0      0     0       90      1
ShapOff     0.000    101:          0      0     0       91      1
ShapOff     0.000    101:          0      0     0       92      1
ShapOff     0.000    101:          0      0     0       93      1
ShapOff     0.000    101:          0      0     0       94      1
ShapOff     0.000    101:          0      0     0       95      1
ShapOff     0.000    101:          0      0     0       96      1
ShapOff     0.000    101:          0      0     0       97      1
ShapOff     0.000    101:          0      0     0       98      1
ShapOff     0.000    101:          0      0     0       99      1
ShapOff     0.000    101:          0      0     0      100      1
ShapOff     0.000    101:          0      0     0      101      1

Gradient Point to Function Relation
===================================

      idx_idx shape_idx scal_factor gpfm_idx
   0:      14        34  1073741824       -1
   1:      13        31  1073741824       -1
   2:      12        28  1073741824       -1
   3:      12        28  1073741824       -1
   4:      11        25  1073741824       -1
   5:      11        25  1073741824       -1
   6:       1         0  1073741824       -1
   7:      10        22  1073741824        6
   8:       1         0  1073741824       -1
   9:       9        19  1073741824        8
  10:       8        16  1073741824       -1
  11:       7        13  1073741824       -1
  12:       7        13  1073741824       -1
  13:       6        10  1073741824       -1
  14:       4         4  1073741824       -1
  15:       5         7  1073741824       -1
  16:       5         7  1073741824       -1
  17:       4         4  1073741824       -1
  18:      14        33  1073741824       -1
  19:      13        30  1073741824       -1
  20:      12        27  1073741824       -1
  21:      12        27  1073741824       -1
  22:      11        24  1073741824       -1
  23:      11        24  1073741824       -1
  24:       1         0  1073741824       -1
  25:      10        21  1073741824       24
  26:       1         0  1073741824       -1
  27:       9        18  1073741824       26
  28:       8        15  1073741824       -1
  29:       7        12  1073741824       -1
  30:       7        12  1073741824       -1
  31:       6         9  1073741824       -1
  32:       4         3  1073741824       -1
  33:       5         6  1073741824       -1
  34:       5         6  1073741824       -1
  35:       4         3  1073741824       -1
  36:      14        32  1073741824       -1
  37:      13        29  1073741824       -1
  38:      12        26  1073741824       -1
  39:      12        26  1073741824       -1
  40:      11        23  1073741824       -1
  41:      11        23  1073741824       -1
  42:       1         0  1073741824       -1
  43:      10        20  1073741824       42
  44:       1         0  1073741824       -1
  45:       9        17  1073741824       44
  46:       8        14  1073741824       -1
  47:       7        11  1073741824       -1
  48:       7        11  1073741824       -1
  49:       6         8  1073741824       -1
  50:       4         2  1073741824       -1
  51:       5         5  1073741824       -1
  52:       5         5  1073741824       -1
  53:       4         2  1073741824       -1
  54:       3         1  1073739776       53
  55:       3         1  1073739776       52
  56:       3         1  1073739776       51
  57:       3         1  1073739776       50
  58:       3         1  1073739776       49
  59:       3         1  1073739776       48
  60:       3         1  1073739776       47
  61:       3         1  1073739776       46
  62:       3         1  1073739776       45
  63:       3         1  1073739776       43
  64:       3         1  1073739776       41
  65:       3         1  1073739776       40
  66:       3         1  1073739776       39
  67:       3         1  1073739776       38
  68:       3         1  1073739776       37
  69:       3         1  1073739776       36
  70:       3         1  1073739776       35
  71:       3         1  1073739776       34
  72:       3         1  1073739776       33
  73:       3         1  1073739776       32
  74:       3         1  1073739776       31
  75:       3         1  1073739776       30
  76:       3         1  1073739776       29
  77:       3         1  1073739776       28
  78:       3         1  1073739776       27
  79:       3         1  1073739776       25
  80:       3         1  1073739776       23
  81:       3         1  1073739776       22
  82:       3         1  1073739776       21
  83:       3         1  1073739776       20
  84:       3         1  1073739776       19
  85:       3         1  1073739776       18
  86:       3         1  1073739776       17
  87:       3         1  1073739776       16
  88:       3         1  1073739776       15
  89:       3         1  1073739776       14
  90:       3         1  1073739776       13
  91:       3         1  1073739776       12
  92:       3         1  1073739776       11
  93:       3         1  1073739776       10
  94:       3         1  1073739776        9
  95:       3         1  1073739776        7
  96:       3         1  1073739776        5
  97:       3         1  1073739776        4
  98:       3         1  1073739776        3
  99:       3         1  1073739776        2
 100:       3         1  1073739776        1
 101:       3         1  1073739776        0

Gradient Function Shape to Index Relation
=========================================

shape_idx idx_max idx_idx skalar_idx idx_inc
        0       2       1          1       0
        1     101       3          3       0
        2       1       4          4       0
        3       1       4          4       0
        4       1       4          4       0
        5       1       5          5       0
        6       1       5          5       0
        7       1       5          5       0
        8       1       6          6       0
        9       1       6          6       0
       10       1       6          6       0
       11       1       7          7       0
       12       1       7          7       0
       13       1       7          7       0
       14       1       8          8       0
       15       1       8          8       0
       16       1       8          8       0
       17       1       9          9       0
       18       1       9          9       0
       19       1       9          9       0
       20       1      10         10       0
       21       1      10         10       0
       22       1      10         10       0
       23       1      11         11       0
       24       1      11         11       0
       25       1      11         11       0
       26       1      12         12       0
       27       1      12         12       0
       28       1      12         12       0
       29       1      13         13       0
       30       1      13         13       0
       31       1      13         13       0
       32       1      14         14       0
       33       1      14         14       0
       34       1      14         14       0

Gradient Function Values
========================

0:EA: index = 1, size = 2
    0    1073741824
    1   -1073741824

1:SMSQ10.100: index = 3, size = 101
    0             0
    1      32377278
    2     125603956
    3     268435456
    4     443644244
    5     630097580
    6     805306368
    7     948137868
    8    1041364535
    9    1073741824
   10    1073741824
   11    1073741824
   12    1073741824
   13    1073741824
   14    1073741824
   15    1073741824
   16    1073741824
   17    1073741824
   18    1073741824
   19    1073741824
   20    1073741824
   21    1073741824
   22    1073741824
   23    1073741824
   24    1073741824
   25    1073741824
   26    1073741824
   27    1073741824
   28    1073741824
   29    1073741824
   30    1073741824
   31    1073741824
   32    1073741824
   33    1073741824
   34    1073741824
   35    1073741824
   36    1073741824
   37    1073741824
   38    1073741824
   39    1073741824
   40    1073741824
   41    1073741824
   42    1073741824
   43    1073741824
   44    1073741824
   45    1073741824
   46    1073741824
   47    1073741824
   48    1073741824
   49    1073741824
   50    1073741824
   51    1073741824
   52    1073741824
   53    1073741824
   54    1073741824
   55    1073741824
   56    1073741824
   57    1073741824
   58    1073741824
   59    1073741824
   60    1073741824
   61    1073741824
   62    1073741824
   63    1073741824
   64    1073741824
   65    1073741824
   66    1073741824
   67    1073741824
   68    1073741824
   69    1073741824
   70    1073741824
   71    1073741824
   72    1073741824
   73    1073741824
   74    1073741824
   75    1073741824
   76    1073741824
   77    1073741824
   78    1073741824
   79    1073741824
   80    1073741824
   81    1073741824
   82    1073741824
   83    1073741824
   84    1073741824
   85    1073741824
   86    1073741824
   87    1073741824
   88    1073741824
   89    1073741824
   90    1073741824
   91    1041364535
   92     948137868
   93     805306368
   94     630097580
   95     443644244
   96     268435456
   97     125603956
   98      32377278
   99             0
  100             0

2:$gp21.x: index = 4, size = 1
    0             0

3:$gp21.y: index = 4, size = 1
    0             0

4:$gp21.z: index = 4, size = 1
    0     182536110

5:$gp22.x: index = 5, size = 1
    0             0

6:$gp22.y: index = 5, size = 1
    0             0

7:$gp22.z: index = 5, size = 1
    0      53687091

8:$gp27.x: index = 6, size = 1
    0             0

9:$gp27.y: index = 6, size = 1
    0             0

10:$gp27.z: index = 6, size = 1
    0     -75161928

11:$gp11.x: index = 7, size = 1
    0             0

12:$gp11.y: index = 7, size = 1
    0             0

13:$gp11.z: index = 7, size = 1
    0      10737418

14:$gp14.x: index = 8, size = 1
    0             0

15:$gp14.y: index = 8, size = 1
    0             0

16:$gp14.z: index = 8, size = 1
    0      32212255

17:$gp17.x: index = 9, size = 1
    0             0

18:$gp17.y: index = 9, size = 1
    0             0

19:$gp17.z: index = 9, size = 1
    0     858993459

20:$gp18.x: index = 10, size = 1
    0             0

21:$gp18.y: index = 10, size = 1
    0             0

22:$gp18.z: index = 10, size = 1
    0             0

23:$gp12.x: index = 11, size = 1
    0             0

24:$gp12.y: index = 11, size = 1
    0             0

25:$gp12.z: index = 11, size = 1
    0      53687091

26:$gp13.x: index = 12, size = 1
    0             0

27:$gp13.y: index = 12, size = 1
    0             0

28:$gp13.z: index = 12, size = 1
    0      21474836

29:$gp19.x: index = 13, size = 1
    0             0

30:$gp19.y: index = 13, size = 1
    0             0

31:$gp19.z: index = 13, size = 1
    0      10737418

32:$gp20.x: index = 14, size = 1
    0             0

33:$gp20.y: index = 14, size = 1
    0             0

34:$gp20.z: index = 14, size = 1
    0      97710510
