
WaveMaker (rev 3.6.5) log file: 2024-01-25 02:58:45

Pulprog: /opt/wtopspin/gorka/2D/pp/WT/seq/2D/2D.wt.pulses.pp 
Opening: /reference/MENMR/ubiCN/25/TEST_2D_HMQC/2/wvm.par

sp54(p54): 
 spnam54: 2D.wt.pulses.pp_sp54.wv (511 steps, stepsize 2.1000 us, phi(max) = 0.00 deg)
 p54: 1.0731000 ms
 spw54: 0.1845371 W (7.34 dB), B1max = 3626.5 Hz (ref: p90=10.47 us @ -9.03 dB)
 B1rms = 1542.6 Hz, 0.0333896 W (14.76 dB)
 SP saved in /opt/topspin3.6.5/exp/stan/nmr/lists/wave/user/2D.wt.pulses.pp_sp54.wv

sp55(p55): 
 spnam55: 2D.wt.pulses.pp_sp55.wv (511 steps, stepsize 2.1000 us, phi(max) = 0.00 deg)
 p55: 1.0731000 ms
 spw55: 0.1845371 W (7.34 dB), B1max = 3626.5 Hz (ref: p90=10.47 us @ -9.03 dB)
 B1rms = 1542.6 Hz, 0.0333896 W (14.76 dB)
 SP saved in /opt/topspin3.6.5/exp/stan/nmr/lists/wave/user/2D.wt.pulses.pp_sp55.wv

sp56(p56): 
 spnam56: 2D.wt.pulses.pp_sp56.wv (504 steps, stepsize 2.2000 us, phi(max) = 0.00 deg)
 p56: 1.1088000 ms
 spw56: 0.4333516 W (3.63 dB), B1max = 5557.4 Hz (ref: p90=10.47 us @ -9.03 dB)
 B1rms = 1591.8 Hz, 0.0355541 W (14.49 dB)
 SP saved in /opt/topspin3.6.5/exp/stan/nmr/lists/wave/user/2D.wt.pulses.pp_sp56.wv

sp57(p57): 
 spnam57: 2D.wt.pulses.pp_sp57.wv (511 steps, stepsize 2.1000 us, phi(max) = 0.00 deg)
 p57: 1.0731000 ms
 spw57: 0.1845371 W (7.34 dB), B1max = 3626.5 Hz (ref: p90=10.47 us @ -9.03 dB)
 B1rms = 1542.6 Hz, 0.0333896 W (14.76 dB)
 SP saved in /opt/topspin3.6.5/exp/stan/nmr/lists/wave/user/2D.wt.pulses.pp_sp57.wv

sp58(p58): 
 spnam58: 2D.wt.pulses.pp_sp58.wv (511 steps, stepsize 2.1000 us, phi(max) = 0.00 deg)
 p58: 1.0731000 ms
 spw58: 0.1845371 W (7.34 dB), B1max = 3626.5 Hz (ref: p90=10.47 us @ -9.03 dB)
 B1rms = 1542.6 Hz, 0.0333896 W (14.76 dB)
 SP saved in /opt/topspin3.6.5/exp/stan/nmr/lists/wave/user/2D.wt.pulses.pp_sp58.wv

sp44(p44): 
 spnam44: 2D.wt.pulses.pp_sp44.wv (492 steps, stepsize 2.4000 us, phi(max) = 0.00 deg)
 p44: 1.1808000 ms
 spw44: 0.1524323 W (8.17 dB), B1max = 3296.0 Hz (ref: p90=10.47 us @ -9.03 dB)
 B1rms = 1401.9 Hz, 0.0275783 W (15.59 dB)
 SP saved in /opt/topspin3.6.5/exp/stan/nmr/lists/wave/user/2D.wt.pulses.pp_sp44.wv

sp45(p45): 
 spnam45: 2D.wt.pulses.pp_sp45.wv (492 steps, stepsize 2.4000 us, phi(max) = 0.00 deg)
 p45: 1.1808000 ms
 spw45: 0.1524323 W (8.17 dB), B1max = 3296.0 Hz (ref: p90=10.47 us @ -9.03 dB)
 B1rms = 1401.9 Hz, 0.0275783 W (15.59 dB)
 SP saved in /opt/topspin3.6.5/exp/stan/nmr/lists/wave/user/2D.wt.pulses.pp_sp45.wv

sp46(p46): 
 spnam46: 2D.wt.pulses.pp_sp46.wv (508 steps, stepsize 2.4000 us, phi(max) = 0.00 deg)
 p46: 1.2192000 ms
 spw46: 0.3584052 W (4.46 dB), B1max = 5054.0 Hz (ref: p90=10.47 us @ -9.03 dB)
 B1rms = 1447.6 Hz, 0.0294053 W (15.32 dB)
 SP saved in /opt/topspin3.6.5/exp/stan/nmr/lists/wave/user/2D.wt.pulses.pp_sp46.wv

sp47(p47): 
 spnam47: 2D.wt.pulses.pp_sp47.wv (492 steps, stepsize 2.4000 us, phi(max) = 0.00 deg)
 p47: 1.1808000 ms
 spw47: 0.1524323 W (8.17 dB), B1max = 3296.0 Hz (ref: p90=10.47 us @ -9.03 dB)
 B1rms = 1401.9 Hz, 0.0275783 W (15.59 dB)
 SP saved in /opt/topspin3.6.5/exp/stan/nmr/lists/wave/user/2D.wt.pulses.pp_sp47.wv

sp48(p48): 
 spnam48: 2D.wt.pulses.pp_sp48.wv (492 steps, stepsize 2.4000 us, phi(max) = 0.00 deg)
 p48: 1.1808000 ms
 spw48: 0.1524323 W (8.17 dB), B1max = 3296.0 Hz (ref: p90=10.47 us @ -9.03 dB)
 B1rms = 1401.9 Hz, 0.0275783 W (15.59 dB)
 SP saved in /opt/topspin3.6.5/exp/stan/nmr/lists/wave/user/2D.wt.pulses.pp_sp48.wv

Experiment Setup:

 spnam54 = 2D.wt.pulses.pp_sp54.wv 
 p54 = 1073.1000 us 
 spw54 = 0.184537 W (3626.52 Hz)
 spnam55 = 2D.wt.pulses.pp_sp55.wv 
 p55 = 1073.1000 us 
 spw55 = 0.184537 W (3626.52 Hz)
 spnam56 = 2D.wt.pulses.pp_sp56.wv 
 p56 = 1108.8000 us 
 spw56 = 0.433352 W (5557.36 Hz)
 spnam57 = 2D.wt.pulses.pp_sp57.wv 
 p57 = 1073.1000 us 
 spw57 = 0.184537 W (3626.52 Hz)
 spnam58 = 2D.wt.pulses.pp_sp58.wv 
 p58 = 1073.1000 us 
 spw58 = 0.184537 W (3626.52 Hz)
 spnam44 = 2D.wt.pulses.pp_sp44.wv 
 p44 = 1180.8000 us 
 spw44 = 0.152432 W (3296.00 Hz)
 spnam45 = 2D.wt.pulses.pp_sp45.wv 
 p45 = 1180.8000 us 
 spw45 = 0.152432 W (3296.00 Hz)
 spnam46 = 2D.wt.pulses.pp_sp46.wv 
 p46 = 1219.2000 us 
 spw46 = 0.358405 W (5054.00 Hz)
 spnam47 = 2D.wt.pulses.pp_sp47.wv 
 p47 = 1180.8000 us 
 spw47 = 0.152432 W (3296.00 Hz)
 spnam48 = 2D.wt.pulses.pp_sp48.wv 
 p48 = 1180.8000 us 
 spw48 = 0.152432 W (3296.00 Hz)
wvm WARNING: spoff54 set in the pulse program - the WaveMaker ofs ignored 
wvm WARNING: spoff55 set in the pulse program - the WaveMaker ofs ignored 
wvm WARNING: spoff56 set in the pulse program - the WaveMaker ofs ignored 
wvm WARNING: spoff57 set in the pulse program - the WaveMaker ofs ignored 
wvm WARNING: spoff58 set in the pulse program - the WaveMaker ofs ignored 
wvm WARNING: spoff44 set in the pulse program - the WaveMaker ofs ignored 
wvm WARNING: spoff45 set in the pulse program - the WaveMaker ofs ignored 
wvm WARNING: spoff46 set in the pulse program - the WaveMaker ofs ignored 
wvm WARNING: spoff47 set in the pulse program - the WaveMaker ofs ignored 
wvm WARNING: spoff48 set in the pulse program - the WaveMaker ofs ignored 

Wavemaker auto-setup completed

