scaling[] = {1, 1, 1}
ramp_mode = 3, ramp_time = 100, ramp_slope = 0.001

Output Header
=============

n_gpoints   = 9
n_slices    = 1
ramp_default= Ramp_off
slope_inc   = 10737
time_res    = 1.000000

Gradient Table
==============

  pulse     delay    cnt        base gp_idx gpf_n gpfp_idx gpfp_n
ShapOff     0.000    101:          0      0     0       30      1
ShapOff     0.000    101:          0      0     0       31      1
ShapOff     0.000    101:          0      0     0       32      1
ShapOff     0.000    101:          0      0     0       33      1
ShapOff     0.000    101:          0      0     0       34      1
ShapOff     0.000    101:          0      0     0       35      1
ShapOff     0.000    101:          0      0     0       36      1
ShapOff     0.000    101:          0      0     0       37      1
ShapOff     0.000    101:          0      0     0       38      1
ShapOff     0.000    101:          0      0     0       39      1
ShapOff     0.000    101:          0      0     0       40      1
ShapOff     0.000    101:          0      0     0       41      1
ShapOff     0.000    101:          0      0     0       42      1
ShapOff     0.000    101:          0      0     0       43      1
ShapOff     0.000    101:          0      0     0       44      1
ShapOff     0.000    101:          0      0     0       45      1
ShapOff     0.000    101:          0      0     0       46      1
ShapOff     0.000    101:          0      0     0       47      1
ShapOff     0.000    101:          0      0     0       48      1
ShapOff     0.000    101:          0      0     0       49      1
ShapOff     0.000    101:          0      0     0       50      1
ShapOff     0.000    101:          0      0     0       51      1
ShapOff     0.000    101:          0      0     0       52      1
ShapOff     0.000    101:          0      0     0       53      1
ShapOff     0.000    101:          0      0     0       54      1
ShapOff     0.000    101:          0      0     0       55      1
ShapOff     0.000    101:          0      0     0       56      1

Gradient Point to Function Relation
===================================

      idx_idx shape_idx scal_factor gpfm_idx
   0:      10        22  1073741824       -1
   1:       9        19  1073741824       -1
   2:       8        16  1073741824       -1
   3:       8        16  1073741824       -1
   4:       7        13  1073741824       -1
   5:       7        13  1073741824       -1
   6:       1         0  1073741824       -1
   7:       6        10  1073741824        6
   8:       5         7  1073741824       -1
   9:       4         4  1073741824       -1
  10:      10        21  1073741824       -1
  11:       9        18  1073741824       -1
  12:       8        15  1073741824       -1
  13:       8        15  1073741824       -1
  14:       7        12  1073741824       -1
  15:       7        12  1073741824       -1
  16:       1         0  1073741824       -1
  17:       6         9  1073741824       16
  18:       5         6  1073741824       -1
  19:       4         3  1073741824       -1
  20:      10        20  1073741824       -1
  21:       9        17  1073741824       -1
  22:       8        14  1073741824       -1
  23:       8        14  1073741824       -1
  24:       7        11  1073741824       -1
  25:       7        11  1073741824       -1
  26:       1         0  1073741824       -1
  27:       6         8  1073741824       26
  28:       5         5  1073741824       -1
  29:       4         2  1073741824       -1
  30:       3         1  1073739776       29
  31:       3         1  1073739776       28
  32:       3         1  1073739776       27
  33:       3         1  1073739776       25
  34:       3         1  1073739776       24
  35:       3         1  1073739776       23
  36:       3         1  1073739776       22
  37:       3         1  1073739776       21
  38:       3         1  1073739776       20
  39:       3         1  1073739776       19
  40:       3         1  1073739776       18
  41:       3         1  1073739776       17
  42:       3         1  1073739776       15
  43:       3         1  1073739776       14
  44:       3         1  1073739776       13
  45:       3         1  1073739776       12
  46:       3         1  1073739776       11
  47:       3         1  1073739776       10
  48:       3         1  1073739776        9
  49:       3         1  1073739776        8
  50:       3         1  1073739776        7
  51:       3         1  1073739776        5
  52:       3         1  1073739776        4
  53:       3         1  1073739776        3
  54:       3         1  1073739776        2
  55:       3         1  1073739776        1
  56:       3         1  1073739776        0

Gradient Function Shape to Index Relation
=========================================

shape_idx idx_max idx_idx skalar_idx idx_inc
        0       2       1          1       0
        1     101       3          3       0
        2       1       4          4       0
        3       1       4          4       0
        4       1       4          4       0
        5       1       5          5       0
        6       1       5          5       0
        7       1       5          5       0
        8       1       6          6       0
        9       1       6          6       0
       10       1       6          6       0
       11       1       7          7       0
       12       1       7          7       0
       13       1       7          7       0
       14       1       8          8       0
       15       1       8          8       0
       16       1       8          8       0
       17       1       9          9       0
       18       1       9          9       0
       19       1       9          9       0
       20       1      10         10       0
       21       1      10         10       0
       22       1      10         10       0

Gradient Function Values
========================

0:EA: index = 1, size = 2
    0    1073741824
    1   -1073741824

1:SMSQ10.100: index = 3, size = 101
    0             0
    1      32377278
    2     125603956
    3     268435456
    4     443644244
    5     630097580
    6     805306368
    7     948137868
    8    1041364535
    9    1073741824
   10    1073741824
   11    1073741824
   12    1073741824
   13    1073741824
   14    1073741824
   15    1073741824
   16    1073741824
   17    1073741824
   18    1073741824
   19    1073741824
   20    1073741824
   21    1073741824
   22    1073741824
   23    1073741824
   24    1073741824
   25    1073741824
   26    1073741824
   27    1073741824
   28    1073741824
   29    1073741824
   30    1073741824
   31    1073741824
   32    1073741824
   33    1073741824
   34    1073741824
   35    1073741824
   36    1073741824
   37    1073741824
   38    1073741824
   39    1073741824
   40    1073741824
   41    1073741824
   42    1073741824
   43    1073741824
   44    1073741824
   45    1073741824
   46    1073741824
   47    1073741824
   48    1073741824
   49    1073741824
   50    1073741824
   51    1073741824
   52    1073741824
   53    1073741824
   54    1073741824
   55    1073741824
   56    1073741824
   57    1073741824
   58    1073741824
   59    1073741824
   60    1073741824
   61    1073741824
   62    1073741824
   63    1073741824
   64    1073741824
   65    1073741824
   66    1073741824
   67    1073741824
   68    1073741824
   69    1073741824
   70    1073741824
   71    1073741824
   72    1073741824
   73    1073741824
   74    1073741824
   75    1073741824
   76    1073741824
   77    1073741824
   78    1073741824
   79    1073741824
   80    1073741824
   81    1073741824
   82    1073741824
   83    1073741824
   84    1073741824
   85    1073741824
   86    1073741824
   87    1073741824
   88    1073741824
   89    1073741824
   90    1073741824
   91    1041364535
   92     948137868
   93     805306368
   94     630097580
   95     443644244
   96     268435456
   97     125603956
   98      32377278
   99             0
  100             0

2:$gp23.x: index = 4, size = 1
    0             0

3:$gp23.y: index = 4, size = 1
    0             0

4:$gp23.z: index = 4, size = 1
    0      32212255

5:$gp24.x: index = 5, size = 1
    0             0

6:$gp24.y: index = 5, size = 1
    0             0

7:$gp24.z: index = 5, size = 1
    0     206158438

8:$gp17.x: index = 6, size = 1
    0             0

9:$gp17.y: index = 6, size = 1
    0             0

10:$gp17.z: index = 6, size = 1
    0     858993459

11:$gp12.x: index = 7, size = 1
    0             0

12:$gp12.y: index = 7, size = 1
    0             0

13:$gp12.z: index = 7, size = 1
    0      53687091

14:$gp13.x: index = 8, size = 1
    0             0

15:$gp13.y: index = 8, size = 1
    0             0

16:$gp13.z: index = 8, size = 1
    0      21474836

17:$gp19.x: index = 9, size = 1
    0             0

18:$gp19.y: index = 9, size = 1
    0             0

19:$gp19.z: index = 9, size = 1
    0      10737418

20:$gp20.x: index = 10, size = 1
    0             0

21:$gp20.y: index = 10, size = 1
    0             0

22:$gp20.z: index = 10, size = 1
    0      97710510
